{"uuid":"5f395050-8d46-4455-b769-62d9249a11cf","historyId":"807984a8ed690cd6cb3590dbdc69a1e","testCaseId":"6fc2c065642e3b70261f99d17f27479d","fullName":"src/test/resources/features/2-profile.feature:8","labels":[{"name":"tag","value":"scenario2"},{"name":"host","value":"TheLastMVK"},{"name":"thread","value":"3260@TheLastMVK.main(1)"},{"name":"feature","value":"Profile User"},{"name":"story","value":"create a solicitud with tupa 16"},{"name":"suite","value":"Profile User"},{"name":"testClass","value":"create a solicitud with tupa 16"},{"name":"framework","value":"cucumber4jvm"},{"name":"language","value":"java"},{"name":"gherkin_uri","value":"file:///C:/Workspace/SeleniumWebDriver/ProyectoMercanciasRestringidas/src/test/resources/features/2-profile.feature"},{"name":"package","value":"src.test.resources.features.2-profile_feature.Profile User"}],"links":[],"name":"create a solicitud with tupa 16","status":"failed","statusDetails":{"known":false,"muted":false,"flaky":false,"message":"Resultado expected [solicitud transmitida exitosamente] but found []","trace":"java.lang.AssertionError: Resultado expected [solicitud transmitida exitosamente] but found []\r\n\tat org.testng.Assert.fail(Assert.java:111)\r\n\tat org.testng.Assert.failNotEquals(Assert.java:1578)\r\n\tat org.testng.Assert.assertEqualsImpl(Assert.java:150)\r\n\tat org.testng.Assert.assertEquals(Assert.java:132)\r\n\tat org.testng.Assert.assertEquals(Assert.java:656)\r\n\tat com.authenticacion.steps.StepsGeneralUser.user_can_see_solicitud_transmitida_exitosamente_message(StepsGeneralUser.java:137)\r\n\tat ✽.user can see solicitud transmitida exitosamente message(file:///C:/Workspace/SeleniumWebDriver/ProyectoMercanciasRestringidas/src/test/resources/features/2-profile.feature:13)\r\n"},"stage":"finished","description":"  As i user\n  I want to select a profile\n  So that ...","steps":[{"name":"Given page of MR2 is all ready","status":"passed","statusDetails":{"known":false,"muted":false,"flaky":false},"stage":"finished","steps":[],"attachments":[],"parameters":[],"start":1732399817618,"stop":1732399819645},{"name":"When user select iniciar solicitud button","status":"passed","statusDetails":{"known":false,"muted":false,"flaky":false},"stage":"finished","steps":[],"attachments":[],"parameters":[],"start":1732399819646,"stop":1732399819750},{"name":"And user select ipen entity","status":"passed","statusDetails":{"known":false,"muted":false,"flaky":false},"stage":"finished","steps":[],"attachments":[],"parameters":[],"start":1732399819750,"stop":1732399820181},{"name":"And register new solicitud","status":"passed","statusDetails":{"known":false,"muted":false,"flaky":false},"stage":"finished","steps":[],"attachments":[],"parameters":[],"start":1732399820182,"stop":1732399838175},{"name":"Then user can see solicitud transmitida exitosamente message","status":"failed","statusDetails":{"known":false,"muted":false,"flaky":false,"message":"Resultado expected [solicitud transmitida exitosamente] but found []","trace":"java.lang.AssertionError: Resultado expected [solicitud transmitida exitosamente] but found []\r\n\tat org.testng.Assert.fail(Assert.java:111)\r\n\tat org.testng.Assert.failNotEquals(Assert.java:1578)\r\n\tat org.testng.Assert.assertEqualsImpl(Assert.java:150)\r\n\tat org.testng.Assert.assertEquals(Assert.java:132)\r\n\tat org.testng.Assert.assertEquals(Assert.java:656)\r\n\tat com.authenticacion.steps.StepsGeneralUser.user_can_see_solicitud_transmitida_exitosamente_message(StepsGeneralUser.java:137)\r\n\tat ✽.user can see solicitud transmitida exitosamente message(file:///C:/Workspace/SeleniumWebDriver/ProyectoMercanciasRestringidas/src/test/resources/features/2-profile.feature:13)\r\n"},"stage":"finished","steps":[],"attachments":[],"parameters":[],"start":1732399838177,"stop":1732399844424}],"attachments":[],"parameters":[],"start":1732399817618,"stop":1732399844565}