{"uuid":"daf7062c-2af6-4d76-925c-358b7878ab80","historyId":"807984a8ed690cd6cb3590dbdc69a1e","testCaseId":"7a18dab0a2059765ea2494a593616b44","fullName":"src/test/resources/features/2-profile.feature:8","labels":[{"name":"tag","value":"scenario2"},{"name":"host","value":"TheLastMVK"},{"name":"thread","value":"29216@TheLastMVK.main(1)"},{"name":"feature","value":"Profile User"},{"name":"story","value":"select a profile"},{"name":"suite","value":"Profile User"},{"name":"testClass","value":"select a profile"},{"name":"framework","value":"cucumber4jvm"},{"name":"language","value":"java"},{"name":"gherkin_uri","value":"file:///C:/Workspace/SeleniumWebDriver/ProyectoMercanciasRestringidas/src/test/resources/features/2-profile.feature"},{"name":"package","value":"src.test.resources.features.2-profile_feature.Profile User"}],"links":[],"name":"select a profile","status":"broken","statusDetails":{"known":false,"muted":false,"flaky":false,"message":"Expected condition failed: waiting for visibility of element located by By.id: dropdownField (tried for 15 second(s) with 500 milliseconds interval)\nBuild info: version: '4.22.0', revision: 'c5f3146703*'\nSystem info: os.name: 'Windows 11', os.arch: 'amd64', os.version: '10.0', java.version: '18.0.2.1'\nDriver info: org.openqa.selenium.chrome.ChromeDriver\nCapabilities {acceptInsecureCerts: false, browserName: chrome, browserVersion: 113.0.5672.63, chrome: {chromedriverVersion: 113.0.5672.63 (0e1a4471d5ae..., userDataDir: C:\\Users\\ingjo\\AppData\\Loca...}, goog:chromeOptions: {debuggerAddress: localhost:58363}, networkConnectionEnabled: false, pageLoadStrategy: normal, platformName: windows, proxy: Proxy(), se:cdp: ws://localhost:58363/devtoo..., se:cdpVersion: 113.0.5672.63, setWindowRect: true, strictFileInteractability: false, timeouts: {implicit: 0, pageLoad: 300000, script: 30000}, unhandledPromptBehavior: dismiss and notify, webauthn:extension:credBlob: true, webauthn:extension:largeBlob: true, webauthn:extension:minPinLength: true, webauthn:extension:prf: true, webauthn:virtualAuthenticators: true}\nSession ID: aa15f3d818794a3f8e29b6bddce1ef57","trace":"org.openqa.selenium.TimeoutException: Expected condition failed: waiting for visibility of element located by By.id: dropdownField (tried for 15 second(s) with 500 milliseconds interval)\nBuild info: version: '4.22.0', revision: 'c5f3146703*'\nSystem info: os.name: 'Windows 11', os.arch: 'amd64', os.version: '10.0', java.version: '18.0.2.1'\nDriver info: org.openqa.selenium.chrome.ChromeDriver\nCapabilities {acceptInsecureCerts: false, browserName: chrome, browserVersion: 113.0.5672.63, chrome: {chromedriverVersion: 113.0.5672.63 (0e1a4471d5ae..., userDataDir: C:\\Users\\ingjo\\AppData\\Loca...}, goog:chromeOptions: {debuggerAddress: localhost:58363}, networkConnectionEnabled: false, pageLoadStrategy: normal, platformName: windows, proxy: Proxy(), se:cdp: ws://localhost:58363/devtoo..., se:cdpVersion: 113.0.5672.63, setWindowRect: true, strictFileInteractability: false, timeouts: {implicit: 0, pageLoad: 300000, script: 30000}, unhandledPromptBehavior: dismiss and notify, webauthn:extension:credBlob: true, webauthn:extension:largeBlob: true, webauthn:extension:minPinLength: true, webauthn:extension:prf: true, webauthn:virtualAuthenticators: true}\nSession ID: aa15f3d818794a3f8e29b6bddce1ef57\r\n\tat org.openqa.selenium.support.ui.WebDriverWait.timeoutException(WebDriverWait.java:84)\r\n\tat org.openqa.selenium.support.ui.FluentWait.until(FluentWait.java:228)\r\n\tat com.authenticacion.steps.StepsGeneralUser.page_of_mr2_is_all_ready(StepsGeneralUser.java:75)\r\n\tat ✽.page of MR2 is all ready(file:///C:/Workspace/SeleniumWebDriver/ProyectoMercanciasRestringidas/src/test/resources/features/2-profile.feature:9)\r\n"},"stage":"finished","description":"  As i user\n  I want to select a profile\n  So that ...","steps":[{"name":"Given page of MR2 is all ready","status":"broken","statusDetails":{"known":false,"muted":false,"flaky":false,"message":"Expected condition failed: waiting for visibility of element located by By.id: dropdownField (tried for 15 second(s) with 500 milliseconds interval)\nBuild info: version: '4.22.0', revision: 'c5f3146703*'\nSystem info: os.name: 'Windows 11', os.arch: 'amd64', os.version: '10.0', java.version: '18.0.2.1'\nDriver info: org.openqa.selenium.chrome.ChromeDriver\nCapabilities {acceptInsecureCerts: false, browserName: chrome, browserVersion: 113.0.5672.63, chrome: {chromedriverVersion: 113.0.5672.63 (0e1a4471d5ae..., userDataDir: C:\\Users\\ingjo\\AppData\\Loca...}, goog:chromeOptions: {debuggerAddress: localhost:58363}, networkConnectionEnabled: false, pageLoadStrategy: normal, platformName: windows, proxy: Proxy(), se:cdp: ws://localhost:58363/devtoo..., se:cdpVersion: 113.0.5672.63, setWindowRect: true, strictFileInteractability: false, timeouts: {implicit: 0, pageLoad: 300000, script: 30000}, unhandledPromptBehavior: dismiss and notify, webauthn:extension:credBlob: true, webauthn:extension:largeBlob: true, webauthn:extension:minPinLength: true, webauthn:extension:prf: true, webauthn:virtualAuthenticators: true}\nSession ID: aa15f3d818794a3f8e29b6bddce1ef57","trace":"org.openqa.selenium.TimeoutException: Expected condition failed: waiting for visibility of element located by By.id: dropdownField (tried for 15 second(s) with 500 milliseconds interval)\nBuild info: version: '4.22.0', revision: 'c5f3146703*'\nSystem info: os.name: 'Windows 11', os.arch: 'amd64', os.version: '10.0', java.version: '18.0.2.1'\nDriver info: org.openqa.selenium.chrome.ChromeDriver\nCapabilities {acceptInsecureCerts: false, browserName: chrome, browserVersion: 113.0.5672.63, chrome: {chromedriverVersion: 113.0.5672.63 (0e1a4471d5ae..., userDataDir: C:\\Users\\ingjo\\AppData\\Loca...}, goog:chromeOptions: {debuggerAddress: localhost:58363}, networkConnectionEnabled: false, pageLoadStrategy: normal, platformName: windows, proxy: Proxy(), se:cdp: ws://localhost:58363/devtoo..., se:cdpVersion: 113.0.5672.63, setWindowRect: true, strictFileInteractability: false, timeouts: {implicit: 0, pageLoad: 300000, script: 30000}, unhandledPromptBehavior: dismiss and notify, webauthn:extension:credBlob: true, webauthn:extension:largeBlob: true, webauthn:extension:minPinLength: true, webauthn:extension:prf: true, webauthn:virtualAuthenticators: true}\nSession ID: aa15f3d818794a3f8e29b6bddce1ef57\r\n\tat org.openqa.selenium.support.ui.WebDriverWait.timeoutException(WebDriverWait.java:84)\r\n\tat org.openqa.selenium.support.ui.FluentWait.until(FluentWait.java:228)\r\n\tat com.authenticacion.steps.StepsGeneralUser.page_of_mr2_is_all_ready(StepsGeneralUser.java:75)\r\n\tat ✽.page of MR2 is all ready(file:///C:/Workspace/SeleniumWebDriver/ProyectoMercanciasRestringidas/src/test/resources/features/2-profile.feature:9)\r\n"},"stage":"finished","steps":[],"attachments":[],"parameters":[],"start":1728100196756,"stop":1728100216850},{"name":"When user select option a profile","status":"skipped","statusDetails":{"known":false,"muted":false,"flaky":false},"stage":"finished","steps":[],"attachments":[],"parameters":[],"start":1728100216851,"stop":1728100216851},{"name":"Then user can see profile list","status":"skipped","statusDetails":{"known":false,"muted":false,"flaky":false},"stage":"finished","steps":[],"attachments":[],"parameters":[],"start":1728100216852,"stop":1728100216853}],"attachments":[],"parameters":[],"start":1728100196756,"stop":1728100217087}