{"uuid":"ecd1e7a2-0dde-4a2d-8511-17a65e5cacf0","historyId":"8a409fc56f407db06c5455202145011f","testCaseId":"e748fd4d84e6b69bdb09a11741de4e8e","fullName":"src/test/resources/features/1-login.feature:15","labels":[{"name":"tag","value":"scenario1"},{"name":"host","value":"TheLastMVK"},{"name":"thread","value":"3464@TheLastMVK.main(1)"},{"name":"feature","value":"Login User"},{"name":"story","value":"login a user"},{"name":"suite","value":"Login User"},{"name":"testClass","value":"login a user"},{"name":"framework","value":"cucumber4jvm"},{"name":"language","value":"java"},{"name":"gherkin_uri","value":"file:///C:/Workspace/SeleniumWebDriver/ProyectoMercanciasRestringidas/src/test/resources/features/1-login.feature"},{"name":"package","value":"src.test.resources.features.1-login_feature.Login User"}],"links":[],"name":"login a user","status":"broken","statusDetails":{"known":false,"muted":false,"flaky":false,"message":"Expected condition failed: waiting for element to be clickable: By.className: btn-danger (tried for 15 second(s) with 500 milliseconds interval)\nBuild info: version: '4.22.0', revision: 'c5f3146703*'\nSystem info: os.name: 'Windows 11', os.arch: 'amd64', os.version: '10.0', java.version: '18.0.2.1'\nDriver info: org.openqa.selenium.chrome.ChromeDriver\nCapabilities {acceptInsecureCerts: false, browserName: chrome, browserVersion: 113.0.5672.63, chrome: {chromedriverVersion: 113.0.5672.63 (0e1a4471d5ae..., userDataDir: C:\\Users\\ingjo\\AppData\\Loca...}, goog:chromeOptions: {debuggerAddress: localhost:58473}, networkConnectionEnabled: false, pageLoadStrategy: normal, platformName: windows, proxy: Proxy(), se:cdp: ws://localhost:58473/devtoo..., se:cdpVersion: 113.0.5672.63, setWindowRect: true, strictFileInteractability: false, timeouts: {implicit: 0, pageLoad: 300000, script: 30000}, unhandledPromptBehavior: dismiss and notify, webauthn:extension:credBlob: true, webauthn:extension:largeBlob: true, webauthn:extension:minPinLength: true, webauthn:extension:prf: true, webauthn:virtualAuthenticators: true}\nSession ID: dba1d55f28cc9e24088ebdf1f61472c0","trace":"org.openqa.selenium.TimeoutException: Expected condition failed: waiting for element to be clickable: By.className: btn-danger (tried for 15 second(s) with 500 milliseconds interval)\nBuild info: version: '4.22.0', revision: 'c5f3146703*'\nSystem info: os.name: 'Windows 11', os.arch: 'amd64', os.version: '10.0', java.version: '18.0.2.1'\nDriver info: org.openqa.selenium.chrome.ChromeDriver\nCapabilities {acceptInsecureCerts: false, browserName: chrome, browserVersion: 113.0.5672.63, chrome: {chromedriverVersion: 113.0.5672.63 (0e1a4471d5ae..., userDataDir: C:\\Users\\ingjo\\AppData\\Loca...}, goog:chromeOptions: {debuggerAddress: localhost:58473}, networkConnectionEnabled: false, pageLoadStrategy: normal, platformName: windows, proxy: Proxy(), se:cdp: ws://localhost:58473/devtoo..., se:cdpVersion: 113.0.5672.63, setWindowRect: true, strictFileInteractability: false, timeouts: {implicit: 0, pageLoad: 300000, script: 30000}, unhandledPromptBehavior: dismiss and notify, webauthn:extension:credBlob: true, webauthn:extension:largeBlob: true, webauthn:extension:minPinLength: true, webauthn:extension:prf: true, webauthn:virtualAuthenticators: true}\nSession ID: dba1d55f28cc9e24088ebdf1f61472c0\r\n\tat org.openqa.selenium.support.ui.WebDriverWait.timeoutException(WebDriverWait.java:84)\r\n\tat org.openqa.selenium.support.ui.FluentWait.until(FluentWait.java:228)\r\n\tat com.authenticacion.pages.HomePage.waitForElementHomePage(HomePage.java:25)\r\n\tat com.authenticacion.steps.StepsGeneralUser.user_can_see_mr2_page(StepsGeneralUser.java:56)\r\n\tat ✽.user can see MR2 page(file:///C:/Workspace/SeleniumWebDriver/ProyectoMercanciasRestringidas/src/test/resources/features/1-login.feature:11)\r\n"},"stage":"finished","description":"  As i guest\n  I want to login\n  So that ...","steps":[{"name":"Given page of login MR2 is all ready","status":"passed","statusDetails":{"known":false,"muted":false,"flaky":false},"stage":"finished","steps":[],"attachments":[],"parameters":[],"start":1732496539104,"stop":1732496561551},{"name":"When user enters credentials \"backus@gmail.com\" and \"Vuce0424.\"","status":"passed","statusDetails":{"known":false,"muted":false,"flaky":false},"stage":"finished","steps":[],"attachments":[],"parameters":[],"start":1732496561554,"stop":1732496561836},{"name":"Then user can see MR2 page","status":"broken","statusDetails":{"known":false,"muted":false,"flaky":false,"message":"Expected condition failed: waiting for element to be clickable: By.className: btn-danger (tried for 15 second(s) with 500 milliseconds interval)\nBuild info: version: '4.22.0', revision: 'c5f3146703*'\nSystem info: os.name: 'Windows 11', os.arch: 'amd64', os.version: '10.0', java.version: '18.0.2.1'\nDriver info: org.openqa.selenium.chrome.ChromeDriver\nCapabilities {acceptInsecureCerts: false, browserName: chrome, browserVersion: 113.0.5672.63, chrome: {chromedriverVersion: 113.0.5672.63 (0e1a4471d5ae..., userDataDir: C:\\Users\\ingjo\\AppData\\Loca...}, goog:chromeOptions: {debuggerAddress: localhost:58473}, networkConnectionEnabled: false, pageLoadStrategy: normal, platformName: windows, proxy: Proxy(), se:cdp: ws://localhost:58473/devtoo..., se:cdpVersion: 113.0.5672.63, setWindowRect: true, strictFileInteractability: false, timeouts: {implicit: 0, pageLoad: 300000, script: 30000}, unhandledPromptBehavior: dismiss and notify, webauthn:extension:credBlob: true, webauthn:extension:largeBlob: true, webauthn:extension:minPinLength: true, webauthn:extension:prf: true, webauthn:virtualAuthenticators: true}\nSession ID: dba1d55f28cc9e24088ebdf1f61472c0","trace":"org.openqa.selenium.TimeoutException: Expected condition failed: waiting for element to be clickable: By.className: btn-danger (tried for 15 second(s) with 500 milliseconds interval)\nBuild info: version: '4.22.0', revision: 'c5f3146703*'\nSystem info: os.name: 'Windows 11', os.arch: 'amd64', os.version: '10.0', java.version: '18.0.2.1'\nDriver info: org.openqa.selenium.chrome.ChromeDriver\nCapabilities {acceptInsecureCerts: false, browserName: chrome, browserVersion: 113.0.5672.63, chrome: {chromedriverVersion: 113.0.5672.63 (0e1a4471d5ae..., userDataDir: C:\\Users\\ingjo\\AppData\\Loca...}, goog:chromeOptions: {debuggerAddress: localhost:58473}, networkConnectionEnabled: false, pageLoadStrategy: normal, platformName: windows, proxy: Proxy(), se:cdp: ws://localhost:58473/devtoo..., se:cdpVersion: 113.0.5672.63, setWindowRect: true, strictFileInteractability: false, timeouts: {implicit: 0, pageLoad: 300000, script: 30000}, unhandledPromptBehavior: dismiss and notify, webauthn:extension:credBlob: true, webauthn:extension:largeBlob: true, webauthn:extension:minPinLength: true, webauthn:extension:prf: true, webauthn:virtualAuthenticators: true}\nSession ID: dba1d55f28cc9e24088ebdf1f61472c0\r\n\tat org.openqa.selenium.support.ui.WebDriverWait.timeoutException(WebDriverWait.java:84)\r\n\tat org.openqa.selenium.support.ui.FluentWait.until(FluentWait.java:228)\r\n\tat com.authenticacion.pages.HomePage.waitForElementHomePage(HomePage.java:25)\r\n\tat com.authenticacion.steps.StepsGeneralUser.user_can_see_mr2_page(StepsGeneralUser.java:56)\r\n\tat ✽.user can see MR2 page(file:///C:/Workspace/SeleniumWebDriver/ProyectoMercanciasRestringidas/src/test/resources/features/1-login.feature:11)\r\n"},"stage":"finished","steps":[],"attachments":[],"parameters":[],"start":1732496561837,"stop":1732496577465}],"attachments":[],"parameters":[{"name":"email","value":"backus@gmail.com"},{"name":"","value":""},{"name":"password","value":"Vuce0424."}],"start":1732496539101,"stop":1732496577667}